2026-02-27 10:36:32.742 WARNING pyiOS - main: Inicio pyiOS!!!
2026-02-27 10:36:32.966 DEBUG selector_events - __init__: Using selector: KqueueSelector
2026-02-27 10:57:33.522 WARNING pyiOS - main: Inicio pyiOS!!!
2026-02-27 10:57:33.713 DEBUG selector_events - __init__: Using selector: KqueueSelector
2026-02-27 10:58:02.943 WARNING pyiOS - main: Inicio pyiOS!!!
2026-02-27 10:58:03.034 DEBUG selector_events - __init__: Using selector: KqueueSelector
2026-02-27 11:01:23.172 WARNING pyiOS - main: Inicio pyiOS!!!
2026-02-27 11:01:23.272 DEBUG selector_events - __init__: Using selector: KqueueSelector
2026-02-27 11:01:23.671 INFO pyiOS - arrancarDB: Successfully Connected to SQLite
2026-02-27 11:01:23.671 INFO pyiOS - arrancarDB: Creación Base de Datos y Tablas principales.
2026-02-27 11:01:23.671 INFO pyiOS - arrancarDB: Ejecución SQL creación tablas.
2026-02-27 11:01:23.671 INFO pyiOS - arrancarDB: Tablas DB creadas
2026-02-27 11:01:23.671 INFO pyiOS - arrancarDB: Fin acciones Base de Datos
2026-02-27 11:10:00.537 WARNING pyiOS - main: Inicio pyiOS!!!
2026-02-27 11:10:00.770 DEBUG selector_events - __init__: Using selector: KqueueSelector
2026-02-27 11:10:01.235 INFO pyiOS - arrancarDB: Successfully Connected to SQLite
2026-02-27 11:10:01.235 INFO pyiOS - arrancarDB: Creación Base de Datos y Tablas principales.
2026-02-27 11:10:01.235 INFO pyiOS - arrancarDB: Ejecución SQL creación tablas.
2026-02-27 11:10:01.235 INFO pyiOS - arrancarDB: Tablas DB creadas
2026-02-27 11:10:01.235 INFO pyiOS - arrancarDB: Fin acciones Base de Datos
2026-02-27 11:37:45.775 WARNING pyiOS - main: Inicio pyiOS!!!
2026-02-27 11:37:45.948 DEBUG selector_events - __init__: Using selector: KqueueSelector
2026-02-27 11:37:46.253 INFO pyiOS - arrancarDB: Successfully Connected to SQLite
2026-02-27 11:37:46.253 INFO pyiOS - arrancarDB: Creación Base de Datos y Tablas principales.
2026-02-27 11:38:30.412 WARNING pyiOS - main: Inicio pyiOS!!!
2026-02-27 11:38:30.508 DEBUG selector_events - __init__: Using selector: KqueueSelector
2026-02-27 11:38:30.690 INFO pyiOS - arrancarDB: Successfully Connected to SQLite
2026-02-27 11:38:30.690 INFO pyiOS - arrancarDB: Creación Base de Datos y Tablas principales.
2026-02-27 11:38:30.696 ERROR pyiOS - arrancarDB: Tablas ya existen en SQLite
2026-02-27 11:38:30.696 INFO pyiOS - arrancarDB: Tablas DB creadas
2026-02-27 11:38:30.696 INFO pyiOS - arrancarDB: Fin acciones Base de Datos
2026-02-27 11:38:59.668 WARNING pyiOS - main: Inicio pyiOS!!!
2026-02-27 11:38:59.757 DEBUG selector_events - __init__: Using selector: KqueueSelector
2026-02-27 11:38:59.933 INFO pyiOS - arrancarDB: Successfully Connected to SQLite
2026-02-27 11:38:59.933 INFO pyiOS - arrancarDB: Creación Base de Datos y Tablas principales.
2026-02-27 11:38:59.935 INFO pyiOS - arrancarDB: Ejecución SQL creación tablas.
2026-02-27 11:38:59.935 INFO pyiOS - arrancarDB: Tablas DB creadas
2026-02-27 11:38:59.935 INFO pyiOS - arrancarDB: Fin acciones Base de Datos
